<?xml version="1.0" encoding="UTF-8"?>
<!-- Generated by org.testng.reporters.JUnitReportReporter -->
<testsuite hostname="L-156232244" failures="0" tests="1" name="com.Wipro.Locators.DemoID" time="24.497" errors="0" timestamp="2023-05-18T11:16:24 IST" skipped="0">
  <testcase classname="com.Wipro.Locators.DemoID" name="TestNameDemo" time="24.497"/>
  <system-out/>
</testsuite> <!-- com.Wipro.Locators.DemoID -->
