<?xml version="1.0" encoding="UTF-8"?>
<!-- Generated by org.testng.reporters.JUnitReportReporter -->
<testsuite hostname="L-156232244" failures="0" tests="1" name="com.Wipro.Locators.LocatorLinkText" time="10.808" errors="0" timestamp="2023-05-18T14:42:11 IST" skipped="0">
  <testcase classname="com.Wipro.Locators.LocatorLinkText" name="linkslocator" time="10.808"/>
  <system-out/>
</testsuite> <!-- com.Wipro.Locators.LocatorLinkText -->
