<?xml version="1.0" encoding="UTF-8"?>
<!-- Generated by org.testng.reporters.JUnitReportReporter -->
<testsuite hostname="L-156232244" failures="0" tests="1" name="com.Wipro.Locators.Opencart" time="19.341" errors="0" timestamp="2023-05-18T12:41:40 IST" skipped="0">
  <testcase classname="com.Wipro.Locators.Opencart" name="OpenCartBrowser" time="19.341"/>
  <system-out/>
</testsuite> <!-- com.Wipro.Locators.Opencart -->
