<?xml version="1.0" encoding="UTF-8"?>
<!-- Generated by org.testng.reporters.JUnitReportReporter -->
<testsuite hostname="L-156232244" failures="0" tests="1" name="com.Wipro.Locators.LocatorsOpencart" time="19.193" errors="0" timestamp="2023-05-18T14:23:16 IST" skipped="0">
  <testcase classname="com.Wipro.Locators.LocatorsOpencart" name="OpenCartBrowser" time="19.193"/>
  <system-out/>
</testsuite> <!-- com.Wipro.Locators.LocatorsOpencart -->
