<?xml version="1.0" encoding="UTF-8"?>
<!-- Generated by org.testng.reporters.JUnitReportReporter -->
<testsuite hostname="L-156232244" failures="0" tests="1" name="com.Wipro.Locators.TestScenarioLocatorLinktext" time="30.225" errors="0" timestamp="2023-05-18T16:42:22 IST" skipped="0">
  <testcase classname="com.Wipro.Locators.TestScenarioLocatorLinktext" name="LocatorsLinkTest" time="30.225"/>
  <system-out/>
</testsuite> <!-- com.Wipro.Locators.TestScenarioLocatorLinktext -->
